{
  "stats": {
    "suites": 1,
    "tests": 8,
    "passes": 8,
    "pending": 0,
    "failures": 0,
    "start": "2021-07-21T20:31:17.864Z",
    "end": "2021-07-21T20:31:37.501Z",
    "duration": 19637,
    "testsRegistered": 8,
    "passPercent": 100,
    "pendingPercent": 0,
    "other": 0,
    "hasOther": false,
    "skipped": 0,
    "hasSkipped": false
  },
  "results": [
    {
      "uuid": "3bbffd2a-3ecc-43c3-8583-6ed7bb3396cc",
      "title": "",
      "fullFile": "cypress/integration/contracts/pay-as-you-go-contract.spec.js",
      "file": "cypress/integration/contracts/pay-as-you-go-contract.spec.js",
      "beforeHooks": [],
      "afterHooks": [],
      "tests": [],
      "suites": [
        {
          "uuid": "562cb85e-9649-4351-b5f0-f960313068f7",
          "title": "Creation of Fixed Rate contract",
          "fullFile": "",
          "file": "",
          "beforeHooks": [],
          "afterHooks": [],
          "tests": [
            {
              "title": "Should see a popup and closed it",
              "fullTitle": "Creation of Fixed Rate contract Should see a popup and closed it",
              "timedOut": null,
              "duration": 6216,
              "state": "passed",
              "speed": "slow",
              "pass": true,
              "fail": false,
              "pending": false,
              "context": null,
              "code": "cy.visit('/');\ncy.get('[data-qa=\"-popup\"]').should('be.visible');\ncy.get('button[data-qa=\"close\"]').click();",
              "err": {},
              "uuid": "1116f349-1a65-4160-8017-b0f5bcbae1fc",
              "parentUUID": "562cb85e-9649-4351-b5f0-f960313068f7",
              "isHook": false,
              "skipped": false
            },
            {
              "title": "Should click on sidebar in the menu Create a Contract and select Fixed Rate type",
              "fullTitle": "Creation of Fixed Rate contract Should click on sidebar in the menu Create a Contract and select Fixed Rate type",
              "timedOut": null,
              "duration": 402,
              "state": "passed",
              "speed": "slow",
              "pass": true,
              "fail": false,
              "pending": false,
              "context": null,
              "code": "_SidebarPage.default.clickOnCreateContract();\n_ContractTypePage.default.selectPayAsYouGoType();",
              "err": {},
              "uuid": "a7dc6d49-4a12-49a5-9a43-600eca2db337",
              "parentUUID": "562cb85e-9649-4351-b5f0-f960313068f7",
              "isHook": false,
              "skipped": false
            },
            {
              "title": "Should fill General Info form and press next button",
              "fullTitle": "Creation of Fixed Rate contract Should fill General Info form and press next button",
              "timedOut": null,
              "duration": 3913,
              "state": "passed",
              "speed": "slow",
              "pass": true,
              "fail": false,
              "pending": false,
              "context": null,
              "code": "cy.fixture('contracts').then(contract => {\n  _GeneralInfoPage.onGeneralInfo.fillInContractName(contractName);\n  _GeneralInfoPage.onGeneralInfo.selectJobTitle(contract.payAsYouGo.jobTitle);\n  _GeneralInfoPage.onGeneralInfo.selectSeniorityLevel(contract.payAsYouGo.seniority);\n  _GeneralInfoPage.onGeneralInfo.fillScopeOfWork(contract.payAsYouGo.scopeOfWork);\n  _GeneralInfoPage.onGeneralInfo.fillStartDateWithCurrentDateMinusOne();\n  _GeneralInfoPage.onGeneralInfo.submitData();\n});",
              "err": {},
              "uuid": "10d2594a-c382-4e05-8a83-c4a8ab27389c",
              "parentUUID": "562cb85e-9649-4351-b5f0-f960313068f7",
              "isHook": false,
              "skipped": false
            },
            {
              "title": "should fill payment details and click next button",
              "fullTitle": "Creation of Fixed Rate contract should fill payment details and click next button",
              "timedOut": null,
              "duration": 977,
              "state": "passed",
              "speed": "slow",
              "pass": true,
              "fail": false,
              "pending": false,
              "context": null,
              "code": "cy.fixture('contracts').then(contract => {\n  _PaymentDetailsPage.default.defineTheAmount(contract.payAsYouGo.amount);\n  _PaymentDetailsPage.default.selectCurrency(contract.payAsYouGo.currency);\n  _PaymentDetailsPage.default.selectPaymentCycle(contract.payAsYouGo.invoiceCycle);\n  _PaymentDetailsPage.default.submitData();\n});",
              "err": {},
              "uuid": "4bdf38c0-948c-45e6-a646-083bec7c5db0",
              "parentUUID": "562cb85e-9649-4351-b5f0-f960313068f7",
              "isHook": false,
              "skipped": false
            },
            {
              "title": "Should click the next button without modifiying the form",
              "fullTitle": "Creation of Fixed Rate contract Should click the next button without modifiying the form",
              "timedOut": null,
              "duration": 139,
              "state": "passed",
              "speed": "slow",
              "pass": true,
              "fail": false,
              "pending": false,
              "context": null,
              "code": "cy.get('button[type=\"submit\"]').should('be.visible').click();",
              "err": {},
              "uuid": "5e226cee-7816-4029-8573-b39f456cd0bf",
              "parentUUID": "562cb85e-9649-4351-b5f0-f960313068f7",
              "isHook": false,
              "skipped": false
            },
            {
              "title": "Should add a special clause",
              "fullTitle": "Creation of Fixed Rate contract Should add a special clause",
              "timedOut": null,
              "duration": 780,
              "state": "passed",
              "speed": "slow",
              "pass": true,
              "fail": false,
              "pending": false,
              "context": null,
              "code": "cy.fixture('contracts').then(contract => {\n  _ExtrasPage.default.addSpecialClause(contract.payAsYouGo.specialClause);\n  _ExtrasPage.default.submitData();\n});",
              "err": {},
              "uuid": "abbc477b-c0bc-4828-953b-74cf59a8029c",
              "parentUUID": "562cb85e-9649-4351-b5f0-f960313068f7",
              "isHook": false,
              "skipped": false
            },
            {
              "title": "Should select contractor residence and create a fixed rate contract",
              "fullTitle": "Creation of Fixed Rate contract Should select contractor residence and create a fixed rate contract",
              "timedOut": null,
              "duration": 4538,
              "state": "passed",
              "speed": "slow",
              "pass": true,
              "fail": false,
              "pending": false,
              "context": null,
              "code": "cy.fixture('contracts').then(contract => {\n  _CompliancePage.default.selectContractorTaxResidence(contract.payAsYouGo.country);\n  _CompliancePage.default.selectState(contract.payAsYouGo.state);\n  _CompliancePage.default.submitData();\n});",
              "err": {},
              "uuid": "c47c898c-547f-4d75-a3e4-fde28fb5e35e",
              "parentUUID": "562cb85e-9649-4351-b5f0-f960313068f7",
              "isHook": false,
              "skipped": false
            },
            {
              "title": "Should display the contract created",
              "fullTitle": "Creation of Fixed Rate contract Should display the contract created",
              "timedOut": null,
              "duration": 2561,
              "state": "passed",
              "speed": "slow",
              "pass": true,
              "fail": false,
              "pending": false,
              "context": null,
              "code": "cy.get('div.page-content').find('h1').should('contain', contractName);",
              "err": {},
              "uuid": "fefdd91d-e468-4cf8-8642-349058ded539",
              "parentUUID": "562cb85e-9649-4351-b5f0-f960313068f7",
              "isHook": false,
              "skipped": false
            }
          ],
          "suites": [],
          "passes": [
            "1116f349-1a65-4160-8017-b0f5bcbae1fc",
            "a7dc6d49-4a12-49a5-9a43-600eca2db337",
            "10d2594a-c382-4e05-8a83-c4a8ab27389c",
            "4bdf38c0-948c-45e6-a646-083bec7c5db0",
            "5e226cee-7816-4029-8573-b39f456cd0bf",
            "abbc477b-c0bc-4828-953b-74cf59a8029c",
            "c47c898c-547f-4d75-a3e4-fde28fb5e35e",
            "fefdd91d-e468-4cf8-8642-349058ded539"
          ],
          "failures": [],
          "pending": [],
          "skipped": [],
          "duration": 19526,
          "root": false,
          "rootEmpty": false,
          "_timeout": 2000
        }
      ],
      "passes": [],
      "failures": [],
      "pending": [],
      "skipped": [],
      "duration": 0,
      "root": true,
      "rootEmpty": true,
      "_timeout": 2000
    }
  ],
  "meta": {
    "mocha": {
      "version": "7.0.1"
    },
    "mochawesome": {
      "options": {
        "quiet": false,
        "reportFilename": "mochawesome",
        "saveHtml": true,
        "saveJson": true,
        "consoleReporter": "spec",
        "useInlineDiffs": false,
        "code": true
      },
      "version": "6.2.2"
    },
    "marge": {
      "options": {
        "id": "default"
      },
      "version": "5.2.0"
    }
  }
}